2025-06-16 13:33:48.886 - INFO - Initializing translator...
2025-06-16 13:33:48.892 - INFO - Starting FastAPI server on http://0.0.0.0:8000
2025-06-16 13:34:56.678 - INFO - Initializing medium model on CPU with int8 precision
2025-06-16 13:35:08.567 - INFO - Processing tmpx0gahspv.wav...
2025-06-16 13:35:08.905 - INFO - Processing audio with duration 00:51.008
2025-06-16 13:35:09.345 - INFO - VAD filter removed 00:00.000 of audio
2025-06-16 13:35:15.258 - INFO - Detected language 'en' with probability 1.00
2025-06-16 13:36:22.377 - INFO - Transcription completed in 73.8s. Output saved to tmpx0gahspv_transcript_1750061102.8806565.txt
2025-06-16 13:43:30.490 - INFO - Reusing existing Whisper model instance.
2025-06-16 13:43:30.901 - INFO - Processing tmpwp3tc1uv.wav...
2025-06-16 13:43:32.672 - INFO - Processing audio with duration 00:51.008
2025-06-16 13:43:32.995 - INFO - VAD filter removed 00:00.000 of audio
2025-06-16 13:43:41.365 - INFO - Detected language 'en' with probability 1.00
2025-06-16 13:44:56.585 - INFO - Transcription completed in 85.7s. Output saved to tmpwp3tc1uv_transcript_1750061610.497324.txt
2025-06-16 13:50:33.700 - INFO - Initializing translator...
2025-06-16 13:50:33.711 - INFO - Starting FastAPI server on http://0.0.0.0:8000
2025-06-16 13:51:07.271 - INFO - Initializing medium model on CPU with int8 precision
2025-06-16 13:51:17.945 - INFO - Processing tmped3d6g5z.wav...
2025-06-16 13:51:18.230 - INFO - Processing audio with duration 00:51.008
2025-06-16 13:51:18.610 - INFO - VAD filter removed 00:00.000 of audio
2025-06-16 13:51:25.581 - INFO - Detected language 'en' with probability 1.00
2025-06-16 13:52:40.404 - INFO - Transcription completed in 82.5s. Output saved to tmped3d6g5z_transcript_1750062072.9167738.txt
2025-06-16 13:57:17.584 - INFO - Initializing translator...
2025-06-16 13:57:17.594 - INFO - Starting FastAPI server on http://0.0.0.0:8000
2025-06-16 14:02:40.376 - INFO - 4 changes detected
2025-06-16 14:05:11.311 - INFO - 1 change detected
2025-06-16 14:05:20.604 - INFO - 6 changes detected
2025-06-16 14:05:20.972 - INFO - 1 change detected
2025-06-16 14:05:21.382 - INFO - 1 change detected
2025-06-16 14:05:21.787 - INFO - 1 change detected
2025-06-16 14:05:22.143 - INFO - 1 change detected
2025-06-16 14:05:22.555 - INFO - 1 change detected
2025-06-16 14:05:22.960 - INFO - 1 change detected
2025-06-16 14:05:23.364 - INFO - 1 change detected
2025-06-16 14:05:23.768 - INFO - 1 change detected
2025-06-16 14:05:24.173 - INFO - 1 change detected
2025-06-16 14:05:24.582 - INFO - 1 change detected
2025-06-16 14:05:24.987 - INFO - 1 change detected
2025-06-16 14:05:25.392 - INFO - 1 change detected
2025-06-16 14:05:25.799 - INFO - 1 change detected
2025-06-16 14:05:26.203 - INFO - 1 change detected
2025-06-16 14:05:26.606 - INFO - 1 change detected
2025-06-16 14:05:27.010 - INFO - 1 change detected
2025-06-16 14:05:27.364 - INFO - 1 change detected
2025-06-16 14:05:27.773 - INFO - 1 change detected
2025-06-16 14:05:28.177 - INFO - 1 change detected
2025-06-16 14:05:28.584 - INFO - 1 change detected
2025-06-16 14:05:28.994 - INFO - 1 change detected
2025-06-16 14:05:29.403 - INFO - 1 change detected
2025-06-16 14:05:29.809 - INFO - 1 change detected
2025-06-16 14:05:30.217 - INFO - 1 change detected
2025-06-16 14:05:30.573 - INFO - 1 change detected
2025-06-16 14:05:30.983 - INFO - 1 change detected
2025-06-16 14:05:31.389 - INFO - 1 change detected
2025-06-16 14:05:31.795 - INFO - 1 change detected
2025-06-16 14:05:32.205 - INFO - 1 change detected
2025-06-16 14:05:32.623 - INFO - 1 change detected
2025-06-16 14:05:33.031 - INFO - 1 change detected
2025-06-16 14:05:33.386 - INFO - 1 change detected
2025-06-16 14:05:33.797 - INFO - 1 change detected
2025-06-16 14:05:34.203 - INFO - 1 change detected
2025-06-16 14:05:34.608 - INFO - 1 change detected
2025-06-16 14:05:35.012 - INFO - 1 change detected
2025-06-16 14:05:35.417 - INFO - 1 change detected
2025-06-16 14:05:35.825 - INFO - 1 change detected
2025-06-16 14:05:36.230 - INFO - 1 change detected
2025-06-16 14:05:36.638 - INFO - 1 change detected
2025-06-16 14:05:37.047 - INFO - 1 change detected
2025-06-16 14:05:37.452 - INFO - 1 change detected
2025-06-16 14:05:37.859 - INFO - 1 change detected
2025-06-16 14:05:38.263 - INFO - 1 change detected
2025-06-16 14:05:38.673 - INFO - 1 change detected
2025-06-16 14:05:39.078 - INFO - 1 change detected
2025-06-16 14:05:39.487 - INFO - 1 change detected
2025-06-16 14:05:39.893 - INFO - 1 change detected
2025-06-16 14:05:40.299 - INFO - 1 change detected
2025-06-16 14:05:40.704 - INFO - 1 change detected
2025-06-16 14:05:41.060 - INFO - 1 change detected
2025-06-16 14:05:41.470 - INFO - 1 change detected
2025-06-16 14:05:41.875 - INFO - 1 change detected
2025-06-16 14:05:42.284 - INFO - 1 change detected
2025-06-16 14:05:42.688 - INFO - 1 change detected
2025-06-16 14:05:43.096 - INFO - 1 change detected
2025-06-16 14:05:43.502 - INFO - 1 change detected
2025-06-16 14:05:43.906 - INFO - 1 change detected
2025-06-16 14:05:44.312 - INFO - 1 change detected
2025-06-16 14:05:44.718 - INFO - 1 change detected
2025-06-16 14:05:45.127 - INFO - 1 change detected
2025-06-16 14:05:45.535 - INFO - 1 change detected
2025-06-16 14:05:45.939 - INFO - 1 change detected
2025-06-16 14:05:46.344 - INFO - 1 change detected
2025-06-16 14:05:46.749 - INFO - 1 change detected
2025-06-16 14:05:47.152 - INFO - 1 change detected
2025-06-16 14:05:47.556 - INFO - 1 change detected
2025-06-16 14:05:47.959 - INFO - 2 changes detected
2025-06-16 14:05:48.368 - INFO - 1 change detected
2025-06-16 14:05:48.774 - INFO - 1 change detected
2025-06-16 14:05:49.182 - INFO - 1 change detected
2025-06-16 14:05:49.591 - INFO - 1 change detected
2025-06-16 14:05:49.995 - INFO - 1 change detected
2025-06-16 14:05:50.402 - INFO - 1 change detected
2025-06-16 14:05:50.760 - INFO - 1 change detected
2025-06-16 14:05:51.172 - INFO - 1 change detected
2025-06-16 14:05:51.576 - INFO - 1 change detected
2025-06-16 14:05:51.982 - INFO - 1 change detected
2025-06-16 14:05:52.386 - INFO - 1 change detected
2025-06-16 14:05:52.792 - INFO - 1 change detected
2025-06-16 14:05:53.196 - INFO - 1 change detected
2025-06-16 14:05:53.599 - INFO - 1 change detected
2025-06-16 14:05:54.005 - INFO - 1 change detected
2025-06-16 14:05:54.410 - INFO - 1 change detected
2025-06-16 14:05:54.813 - INFO - 1 change detected
2025-06-16 14:05:55.220 - INFO - 1 change detected
2025-06-16 14:05:55.625 - INFO - 1 change detected
2025-06-16 14:05:56.031 - INFO - 1 change detected
2025-06-16 14:05:56.435 - INFO - 1 change detected
2025-06-16 14:05:56.839 - INFO - 1 change detected
2025-06-16 14:05:57.248 - INFO - 1 change detected
2025-06-16 14:05:57.650 - INFO - 6 changes detected
2025-06-16 14:05:58.059 - INFO - 1 change detected
2025-06-16 14:05:58.465 - INFO - 1 change detected
2025-06-16 14:05:58.869 - INFO - 1 change detected
2025-06-16 14:05:59.275 - INFO - 1 change detected
2025-06-16 14:05:59.629 - INFO - 1 change detected
2025-06-16 14:06:00.038 - INFO - 1 change detected
2025-06-16 14:06:00.442 - INFO - 1 change detected
2025-06-16 14:06:00.844 - INFO - 1 change detected
2025-06-16 14:06:01.249 - INFO - 1 change detected
2025-06-16 14:06:01.655 - INFO - 1 change detected
2025-06-16 14:06:02.058 - INFO - 1 change detected
2025-06-16 14:06:02.465 - INFO - 1 change detected
2025-06-16 14:06:02.880 - INFO - 1 change detected
2025-06-16 14:06:03.233 - INFO - 1 change detected
2025-06-16 14:06:03.643 - INFO - 1 change detected
2025-06-16 14:06:04.045 - INFO - 1 change detected
2025-06-16 14:06:04.398 - INFO - 1 change detected
2025-06-16 14:06:04.808 - INFO - 1 change detected
2025-06-16 14:06:05.214 - INFO - 1 change detected
2025-06-16 14:06:05.621 - INFO - 1 change detected
2025-06-16 14:06:06.026 - INFO - 1 change detected
2025-06-16 14:06:06.428 - INFO - 1 change detected
2025-06-16 14:06:06.834 - INFO - 1 change detected
2025-06-16 14:06:07.239 - INFO - 1 change detected
2025-06-16 14:06:07.645 - INFO - 1 change detected
2025-06-16 14:06:08.049 - INFO - 1 change detected
2025-06-16 14:06:08.455 - INFO - 1 change detected
2025-06-16 14:06:08.862 - INFO - 1 change detected
2025-06-16 14:06:09.227 - INFO - 1 change detected
2025-06-16 14:06:09.638 - INFO - 1 change detected
2025-06-16 14:06:10.041 - INFO - 1 change detected
2025-06-16 14:06:10.444 - INFO - 1 change detected
2025-06-16 14:06:10.851 - INFO - 1 change detected
2025-06-16 14:06:11.256 - INFO - 1 change detected
2025-06-16 14:06:11.658 - INFO - 1 change detected
2025-06-16 14:06:12.064 - INFO - 1 change detected
2025-06-16 14:06:12.466 - INFO - 1 change detected
2025-06-16 14:06:12.875 - INFO - 1 change detected
2025-06-16 14:06:13.278 - INFO - 1 change detected
2025-06-16 14:06:13.682 - INFO - 1 change detected
2025-06-16 14:06:14.086 - INFO - 1 change detected
2025-06-16 14:06:14.592 - INFO - 1 change detected
2025-06-16 14:06:15.008 - INFO - 1 change detected
2025-06-16 14:06:15.413 - INFO - 1 change detected
2025-06-16 14:06:15.819 - INFO - 1 change detected
2025-06-16 14:06:16.236 - INFO - 1 change detected
2025-06-16 14:06:16.642 - INFO - 1 change detected
2025-06-16 14:06:17.048 - INFO - 1 change detected
2025-06-16 14:06:17.453 - INFO - 1 change detected
2025-06-16 14:06:17.859 - INFO - 1 change detected
2025-06-16 14:06:18.263 - INFO - 1 change detected
2025-06-16 14:06:18.666 - INFO - 1 change detected
2025-06-16 14:06:19.075 - INFO - 1 change detected
2025-06-16 14:06:19.482 - INFO - 1 change detected
2025-06-16 14:06:19.840 - INFO - 1 change detected
2025-06-16 14:06:20.244 - INFO - 1 change detected
2025-06-16 14:06:20.650 - INFO - 1 change detected
2025-06-16 14:06:21.055 - INFO - 1 change detected
2025-06-16 14:06:21.460 - INFO - 1 change detected
2025-06-16 14:06:21.866 - INFO - 1 change detected
2025-06-16 14:06:22.270 - INFO - 1 change detected
2025-06-16 14:06:22.675 - INFO - 1 change detected
2025-06-16 14:06:23.079 - INFO - 1 change detected
2025-06-16 14:06:23.486 - INFO - 1 change detected
2025-06-16 14:06:23.892 - INFO - 1 change detected
2025-06-16 14:06:24.297 - INFO - 1 change detected
2025-06-16 14:06:24.703 - INFO - 1 change detected
2025-06-16 14:06:25.107 - INFO - 1 change detected
2025-06-16 14:06:25.512 - INFO - 1 change detected
2025-06-16 14:06:25.920 - INFO - 1 change detected
2025-06-16 14:06:26.323 - INFO - 1 change detected
2025-06-16 14:06:26.730 - INFO - 1 change detected
2025-06-16 14:06:27.135 - INFO - 1 change detected
2025-06-16 14:06:27.539 - INFO - 1 change detected
2025-06-16 14:06:27.947 - INFO - 1 change detected
2025-06-16 14:06:28.365 - INFO - 1 change detected
2025-06-16 14:06:28.769 - INFO - 1 change detected
2025-06-16 14:06:29.175 - INFO - 1 change detected
2025-06-16 14:06:29.579 - INFO - 1 change detected
2025-06-16 14:06:29.987 - INFO - 1 change detected
2025-06-16 14:06:30.393 - INFO - 1 change detected
2025-06-16 14:06:30.801 - INFO - 1 change detected
2025-06-16 14:06:31.157 - INFO - 1 change detected
2025-06-16 14:06:31.569 - INFO - 1 change detected
2025-06-16 14:08:00.004 - INFO - 5 changes detected
2025-06-16 14:10:36.395 - INFO - 1 change detected
2025-06-16 14:10:40.392 - INFO - 1 change detected
2025-06-16 14:10:44.017 - INFO - 1 change detected
2025-06-16 14:10:45.286 - INFO - 1 change detected
2025-06-16 14:10:55.004 - INFO - 6 changes detected
2025-06-16 14:10:55.409 - INFO - 1 change detected
2025-06-16 14:10:55.814 - INFO - 1 change detected
2025-06-16 14:10:56.217 - INFO - 1 change detected
2025-06-16 14:10:56.632 - INFO - 1 change detected
2025-06-16 14:10:57.035 - INFO - 1 change detected
2025-06-16 14:10:57.441 - INFO - 1 change detected
2025-06-16 14:10:57.808 - INFO - 1 change detected
2025-06-16 14:10:58.217 - INFO - 1 change detected
2025-06-16 14:10:58.621 - INFO - 1 change detected
2025-06-16 14:10:59.027 - INFO - 1 change detected
2025-06-16 14:10:59.429 - INFO - 1 change detected
2025-06-16 14:10:59.831 - INFO - 1 change detected
2025-06-16 14:11:00.235 - INFO - 1 change detected
2025-06-16 14:11:00.638 - INFO - 1 change detected
2025-06-16 14:11:01.041 - INFO - 1 change detected
2025-06-16 14:11:01.447 - INFO - 1 change detected
2025-06-16 14:11:01.853 - INFO - 1 change detected
2025-06-16 14:11:02.256 - INFO - 1 change detected
2025-06-16 14:11:02.661 - INFO - 1 change detected
2025-06-16 14:11:03.065 - INFO - 1 change detected
2025-06-16 14:11:03.471 - INFO - 1 change detected
2025-06-16 14:11:03.874 - INFO - 1 change detected
2025-06-16 14:11:04.277 - INFO - 1 change detected
2025-06-16 14:11:04.680 - INFO - 1 change detected
2025-06-16 14:11:05.087 - INFO - 1 change detected
2025-06-16 14:11:05.491 - INFO - 1 change detected
2025-06-16 14:11:05.896 - INFO - 1 change detected
2025-06-16 14:11:06.299 - INFO - 1 change detected
2025-06-16 14:11:06.703 - INFO - 1 change detected
2025-06-16 14:11:07.110 - INFO - 1 change detected
2025-06-16 14:11:07.526 - INFO - 1 change detected
2025-06-16 14:11:07.931 - INFO - 1 change detected
2025-06-16 14:11:08.336 - INFO - 1 change detected
2025-06-16 14:11:08.741 - INFO - 1 change detected
2025-06-16 14:11:09.146 - INFO - 1 change detected
2025-06-16 14:11:09.502 - INFO - 1 change detected
2025-06-16 14:11:09.910 - INFO - 1 change detected
2025-06-16 14:11:10.315 - INFO - 1 change detected
2025-06-16 14:11:10.731 - INFO - 1 change detected
2025-06-16 14:11:11.135 - INFO - 1 change detected
2025-06-16 14:11:11.543 - INFO - 1 change detected
2025-06-16 14:11:11.950 - INFO - 1 change detected
2025-06-16 14:11:12.355 - INFO - 1 change detected
2025-06-16 14:11:12.761 - INFO - 1 change detected
2025-06-16 14:11:13.165 - INFO - 1 change detected
2025-06-16 14:11:13.568 - INFO - 1 change detected
2025-06-16 14:11:13.972 - INFO - 1 change detected
2025-06-16 14:11:14.376 - INFO - 1 change detected
2025-06-16 14:11:14.781 - INFO - 1 change detected
2025-06-16 14:11:15.186 - INFO - 1 change detected
2025-06-16 14:11:15.589 - INFO - 1 change detected
2025-06-16 14:11:15.957 - INFO - 1 change detected
2025-06-16 14:11:16.366 - INFO - 1 change detected
2025-06-16 14:11:35.264 - INFO - Starting server...
2025-06-16 14:11:57.273 - INFO - Starting server...
2025-06-16 14:13:33.695 - INFO - Starting server...
2025-06-16 14:15:02.476 - INFO - Starting server...
2025-06-16 14:15:02.477 - INFO - Initializing translator...
2025-06-16 14:15:45.776 - INFO - Initializing translator...
2025-06-16 14:16:54.836 - INFO - Initializing medium model on CPU with int8 precision
2025-06-16 14:17:00.891 - INFO - Processing download.wav...
2025-06-16 14:17:01.110 - INFO - Processing audio with duration 00:51.008
2025-06-16 14:17:01.282 - INFO - VAD filter removed 00:00.000 of audio
2025-06-16 14:17:05.220 - INFO - Detected language 'en' with probability 1.00
2025-06-16 14:17:57.775 - INFO - Transcription completed in 56.9s. Output saved to download_transcript_1750063618.5430226.txt
2025-06-16 14:17:57.776 - INFO - Shutting down ThreadPoolExecutor...
2025-06-16 14:23:27.634 - INFO - Initializing translator...
2025-06-16 14:23:27.640 - INFO - Starting FastAPI server on http://0.0.0.0:8000
2025-06-16 14:23:43.676 - INFO - Initializing medium model on CPU with int8 precision
2025-06-16 14:23:51.803 - INFO - Processing tmpui34chmn.wav...
2025-06-16 14:23:51.999 - INFO - Processing audio with duration 00:51.008
2025-06-16 14:23:52.154 - INFO - VAD filter removed 00:00.000 of audio
2025-06-16 14:23:55.796 - INFO - Detected language 'en' with probability 1.00
2025-06-16 14:25:13.075 - INFO - Transcription completed in 81.3s. Output saved to tmpui34chmn_transcript_1750064028.2090056.txt
